#
# There is insufficient memory for the Java Runtime Environment to continue.
# Native memory allocation (malloc) failed to allocate 1048576 bytes for AllocateHeap
# Possible reasons:
#   The system is out of physical RAM or swap space
#   In 32 bit mode, the process size limit was hit
# Possible solutions:
#   Reduce memory load on the system
#   Increase physical memory or swap space
#   Check if swap backing store is full
#   Use 64 bit Java on a 64 bit OS
#   Decrease Java heap size (-Xmx/-Xms)
#   Decrease number of Java threads
#   Decrease Java thread stack sizes (-Xss)
#   Set larger code cache with -XX:ReservedCodeCacheSize=
# This output file may be truncated or incomplete.
#
#  Out of Memory Error (memory/allocation.inline.hpp:61), pid=1540, tid=0x0000000000005638
#
# JRE version:  (8.0_101-b13) (build )
# Java VM: Java HotSpot(TM) 64-Bit Server VM (25.101-b13 mixed mode windows-amd64 compressed oops)
# Failed to write core dump. Minidumps are not enabled by default on client versions of Windows
#

---------------  T H R E A D  ---------------

Current thread (0x0000000002ac0800):  JavaThread "Unknown thread" [_thread_in_vm, id=22072, stack(0x0000000002970000,0x0000000002a70000)]

Stack: [0x0000000002970000,0x0000000002a70000]
[error occurred during error reporting (printing stack bounds), id 0xc0000005]

Native frames: (J=compiled Java code, j=interpreted, Vv=VM code, C=native code)


---------------  P R O C E S S  ---------------

Java Threads: ( => current thread )

Other Threads:

=>0x0000000002ac0800 (exited) JavaThread "Unknown thread" [_thread_in_vm, id=22072, stack(0x0000000002970000,0x0000000002a70000)]

VM state:not at safepoint (normal execution)

VM Mutex/Monitor currently owned by a thread: None

Heap:
 PSYoungGen      total 38400K, used 665K [0x00000000d5f00000, 0x00000000d8980000, 0x0000000100000000)
  eden space 33280K, 2% used [0x00000000d5f00000,0x00000000d5fa6670,0x00000000d7f80000)
  from space 5120K, 0% used [0x00000000d8480000,0x00000000d8480000,0x00000000d8980000)
  to   space 5120K, 0% used [0x00000000d7f80000,0x00000000d7f80000,0x00000000d8480000)
 ParOldGen       total 87552K, used 0K [0x0000000081c00000, 0x0000000087180000, 0x00000000d5f00000)
  object space 87552K, 0% used [0x0000000081c00000,0x0000000081c00000,0x0000000087180000)
 Metaspace       used 746K, capacity 4480K, committed 4480K, reserved 1056768K
  class space    used 75K, capacity 384K, committed 384K, reserved 1048576K

Card table byte_map: [0x0000000011f80000,0x0000000012380000] byte_map_base: 0x0000000011b72000

Marking Bits: (ParMarkBitMap*) 0x000000007581a6d0
 Begin Bits: [0x0000000012a30000, 0x00000000149c0000)
 End Bits:   [0x00000000149c0000, 0x0000000016950000)

Polling page: 0x0000000000e40000

CodeCache: size=245760Kb used=328Kb max_used=328Kb free=245431Kb
 bounds [0x0000000002bc0000, 0x0000000002e30000, 0x0000000011bc0000]
 total_blobs=58 nmethods=0 adapters=38
 compilation: enabled

Compilation events (0 events):
No events

GC Heap History (0 events):
No events

Deoptimization events (0 events):
No events

Internal exceptions (0 events):
No events

Events (10 events):
Event: 0.076 loading class java/lang/Short
Event: 0.076 loading class java/lang/Short done
Event: 0.076 loading class java/lang/Integer
Event: 0.076 loading class java/lang/Integer done
Event: 0.076 loading class java/lang/Long
Event: 0.076 loading class java/lang/Long done
Event: 0.077 loading class java/lang/NullPointerException
Event: 0.077 loading class java/lang/NullPointerException done
Event: 0.077 loading class java/lang/ArithmeticException
Event: 0.077 loading class java/lang/ArithmeticException done


Dynamic libraries:
0x00007ff621420000 - 0x00007ff621457000 	C:\Program Files\Java\jre1.8.0_101\bin\javaw.exe
0x00007fff441d0000 - 0x00007fff44391000 	C:\WINDOWS\SYSTEM32\ntdll.dll
0x00007fff43db0000 - 0x00007fff43e5d000 	C:\WINDOWS\system32\KERNEL32.DLL
0x00007fff40b30000 - 0x00007fff40d18000 	C:\WINDOWS\system32\KERNELBASE.dll
0x00007fff43e60000 - 0x00007fff43f07000 	C:\WINDOWS\system32\ADVAPI32.dll
0x00007fff41900000 - 0x00007fff4199d000 	C:\WINDOWS\system32\msvcrt.dll
0x00007fff41ea0000 - 0x00007fff41efb000 	C:\WINDOWS\system32\sechost.dll
0x00007fff415d0000 - 0x00007fff416ec000 	C:\WINDOWS\system32\RPCRT4.dll
0x00007fff41730000 - 0x00007fff41886000 	C:\WINDOWS\system32\USER32.dll
0x00007fff421c0000 - 0x00007fff42346000 	C:\WINDOWS\system32\GDI32.dll
0x00007fff3d4d0000 - 0x00007fff3d744000 	C:\WINDOWS\WinSxS\amd64_microsoft.windows.common-controls_6595b64144ccf1df_6.0.10586.672_none_a2d6b3cea53ff843\COMCTL32.dll
0x00007fff41c20000 - 0x00007fff41e9d000 	C:\WINDOWS\system32\combase.dll
0x00007fff408a0000 - 0x00007fff4090a000 	C:\WINDOWS\system32\bcryptPrimitives.dll
0x00007fff416f0000 - 0x00007fff4172b000 	C:\WINDOWS\system32\IMM32.DLL
0x0000000074e60000 - 0x0000000074f32000 	C:\Program Files\Java\jre1.8.0_101\bin\msvcr100.dll
0x0000000075000000 - 0x000000007589a000 	C:\Program Files\Java\jre1.8.0_101\bin\server\jvm.dll
0x00007fff42350000 - 0x00007fff42358000 	C:\WINDOWS\system32\PSAPI.DLL
0x00007fff36b60000 - 0x00007fff36b69000 	C:\WINDOWS\SYSTEM32\WSOCK32.dll
0x00007fff41f00000 - 0x00007fff41f6b000 	C:\WINDOWS\system32\WS2_32.dll
0x00007fff3ede0000 - 0x00007fff3ee03000 	C:\WINDOWS\SYSTEM32\WINMM.dll
0x00007fff3c6f0000 - 0x00007fff3c6fa000 	C:\WINDOWS\SYSTEM32\VERSION.dll
0x0000000000e10000 - 0x0000000000e3c000 	C:\WINDOWS\SYSTEM32\WINMMBASE.dll
0x00007fff40ae0000 - 0x00007fff40b23000 	C:\WINDOWS\system32\cfgmgr32.dll
0x0000000050010000 - 0x000000005001f000 	C:\Program Files\Java\jre1.8.0_101\bin\verify.dll
0x0000000074fd0000 - 0x0000000074ff9000 	C:\Program Files\Java\jre1.8.0_101\bin\java.dll
0x0000000074fb0000 - 0x0000000074fc6000 	C:\Program Files\Java\jre1.8.0_101\bin\zip.dll

VM Arguments:
jvm_args: -Dfile.encoding=Cp1252 
java_command: Trial
java_class_path (initial): C:\Users\Ahmed\workspace\Dashboard\bin
Launcher Type: SUN_STANDARD

Environment Variables:
PATH=C:/Program Files/Java/jre1.8.0_101/bin/server;C:/Program Files/Java/jre1.8.0_101/bin;C:/Program Files/Java/jre1.8.0_101/lib/amd64;C:\ProgramData\Oracle\Java\javapath;C:\Program Files (x86)\NVIDIA Corporation\PhysX\Common;C:\Program Files (x86)\Intel\iCLS Client\;C:\Program Files\Intel\iCLS Client\;C:\WINDOWS\system32;C:\WINDOWS;C:\WINDOWS\System32\Wbem;C:\WINDOWS\System32\WindowsPowerShell\v1.0\;C:\Program Files\Intel\Intel(R) Management Engine Components\DAL;C:\Program Files\Intel\Intel(R) Management Engine Components\IPT;C:\Program Files (x86)\Intel\Intel(R) Management Engine Components\DAL;C:\Program Files (x86)\Intel\Intel(R) Management Engine Components\IPT;C:\Program Files (x86)\Windows Kits\8.1\Windows Performance Toolkit\;C:\Program Files\Microsoft SQL Server\110\Tools\Binn\;C:\Program Files (x86)\Microsoft SDKs\TypeScript\1.0\;C:\Program Files (x86)\Skype\Phone\;C:\Program Files\MATLAB\R2016a\bin;C:\Modeltech_pe_edu_10.4a\win32pe_edu;D:\ASURT Formula\Eclipse;
USERNAME=Ahmed
OS=Windows_NT
PROCESSOR_IDENTIFIER=Intel64 Family 6 Model 69 Stepping 1, GenuineIntel



---------------  S Y S T E M  ---------------

OS: Windows 10.0 , 64 bit Build 10586 (10.0.10586.589)

CPU:total 4 (2 cores per cpu, 2 threads per core) family 6 model 69 stepping 1, cmov, cx8, fxsr, mmx, sse, sse2, sse3, ssse3, sse4.1, sse4.2, popcnt, avx, avx2, aes, clmul, erms, lzcnt, ht, tsc, tscinvbit, bmi1, bmi2

Memory: 4k page, physical 8268984k(2304584k free), swap 33434808k(5424k free)

vm_info: Java HotSpot(TM) 64-Bit Server VM (25.101-b13) for windows-amd64 JRE (1.8.0_101-b13), built on Jun 22 2016 01:21:29 by "java_re" with MS VC++ 10.0 (VS2010)

time: Sun Jan 29 20:17:07 2017
elapsed time: 0 seconds (0d 0h 0m 0s)

